Thu 18 Apr 2013 12:23:32 PM PHT,190 [1327] WARN core.email - Email configuration settings not available
Thu 18 Apr 2013 01:03:13 PM PHT,948 [2753] WARN core.email - Email configuration settings not available
Thu 18 Apr 2013 01:06:42 PM PHT,440 [1324] ERROR filter.ExceptionCatcherFilter - Uncaught Exception: exception 'Exception' with message 'DateTime::__construct(): Failed to parse time string (null) at position 0 (n): The timezone could not be found in the database' in /var/www/ohrmKevin1/symfony/plugins/orangehrmLeavePlugin/lib/service/LeavePeriodService.php:370
Stack trace:
#0 /var/www/ohrmKevin1/symfony/plugins/orangehrmLeavePlugin/lib/service/LeavePeriodService.php(370): DateTime->__construct('null')
#1 /var/www/ohrmKevin1/symfony/plugins/orangehrmLeavePlugin/lib/entitlement/FIFOEntitlementConsumptionStrategy.php(706): LeavePeriodService->getCurrentLeavePeriodByDate('null')
#2 /var/www/ohrmKevin1/symfony/plugins/orangehrmLeavePlugin/lib/service/LeaveEntitlementService.php(170): FIFOEntitlementConsumptionStrategy->getLeavePeriod('null', '2', '1')
#3 /var/www/ohrmKevin1/symfony/plugins/orangehrmLeavePlugin/modules/leave/actions/leaveListBalanceAjaxAction.class.php(61): LeaveEntitlementService->getLeaveBalance('2', '1', 'null')
#4 /var/www/ohrmKevin1/symfony/plugins/orangehrmLeavePlugin/modules/leave/actions/leaveListBalanceAjaxAction.class.php(33): leaveListBalanceAjaxAction->getLeaveBalances(Array)
#5 /var/www/ohrmKevin1/symfony/cache/orangehrm/prod/config/config_core_compile.yml.php(952): leaveListBalanceAjaxAction->execute(Object(sfWebRequest))
#6 /var/www/ohrmKevin1/symfony/plugins/orangehrmCorePlugin/lib/filter/orangehrmExecutionFilter.php(36): sfExecutionFilter->executeAction(Object(leaveListBalanceAjaxAction))
#7 /var/www/ohrmKevin1/symfony/cache/orangehrm/prod/config/config_core_compile.yml.php(947): orangehrmExecutionFilter->executeAction(Object(leaveListBalanceAjaxAction))
#8 /var/www/ohrmKevin1/symfony/cache/orangehrm/prod/config/config_core_compile.yml.php(933): sfExecutionFilter->handleAction(Object(sfFilterChain), Object(leaveListBalanceAjaxAction))
#9 /var/www/ohrmKevin1/symfony/cache/orangehrm/prod/config/config_core_compile.yml.php(1031): sfExecutionFilter->execute(Object(sfFilterChain))
#10 /var/www/ohrmKevin1/symfony/lib/vendor/symfony/lib/filter/sfCommonFilter.class.php(29): sfFilterChain->execute()
#11 /var/www/ohrmKevin1/symfony/cache/orangehrm/prod/config/config_core_compile.yml.php(1031): sfCommonFilter->execute(Object(sfFilterChain))
#12 /var/www/ohrmKevin1/symfony/plugins/orangehrmCorePlugin/lib/filter/orangehrmPostExecutionFilter.php(22): sfFilterChain->execute()
#13 /var/www/ohrmKevin1/symfony/cache/orangehrm/prod/config/config_core_compile.yml.php(1031): orangehrmPostExecutionFilter->execute(Object(sfFilterChain))
#14 /var/www/ohrmKevin1/symfony/apps/orangehrm/lib/filter/ModuleFilter.php(56): sfFilterChain->execute()
#15 /var/www/ohrmKevin1/symfony/cache/orangehrm/prod/config/config_core_compile.yml.php(1031): ModuleFilter->execute(Object(sfFilterChain))
#16 /var/www/ohrmKevin1/symfony/plugins/orangehrmCorePlugin/lib/authorization/filter/ohrmAuthorizationFilter.php(97): sfFilterChain->execute()
#17 /var/www/ohrmKevin1/symfony/cache/orangehrm/prod/config/config_core_compile.yml.php(1031): ohrmAuthorizationFilter->execute(Object(sfFilterChain))
#18 /var/www/ohrmKevin1/symfony/apps/orangehrm/lib/filter/SessionInfoFetcherFilter.php(67): sfFilterChain->execute()
#19 /var/www/ohrmKevin1/symfony/cache/orangehrm/prod/config/config_core_compile.yml.php(1031): SessionInfoFetcherFilter->execute(Object(sfFilterChain))
#20 /var/www/ohrmKevin1/symfony/apps/orangehrm/lib/filter/OrangeI18NFilter.php(58): sfFilterChain->execute()
#21 /var/www/ohrmKevin1/symfony/cache/orangehrm/prod/config/config_core_compile.yml.php(1031): OrangeI18NFilter->execute(Object(sfFilterChain))
#22 /var/www/ohrmKevin1/symfony/apps/orangehrm/lib/filter/ExceptionCatcherFilter.php(26): sfFilterChain->execute()
#23 /var/www/ohrmKevin1/symfony/cache/orangehrm/prod/config/config_core_compile.yml.php(1031): ExceptionCatcherFilter->execute(Object(sfFilterChain))
#24 /var/www/ohrmKevin1/symfony/lib/vendor/symfony/lib/filter/sfBasicSecurityFilter.class.php(72): sfFilterChain->execute()
#25 /var/www/ohrmKevin1/symfony/cache/orangehrm/prod/config/config_core_compile.yml.php(1031): sfBasicSecurityFilter->execute(Object(sfFilterChain))
#26 /var/www/ohrmKevin1/symfony/cache/orangehrm/prod/config/config_core_compile.yml.php(995): sfFilterChain->execute()
#27 /var/www/ohrmKevin1/symfony/cache/orangehrm/prod/config/config_core_compile.yml.php(1031): sfRenderingFilter->execute(Object(sfFilterChain))
#28 /var/www/ohrmKevin1/symfony/cache/orangehrm/prod/config/config_core_compile.yml.php(665): sfFilterChain->execute()
#29 /var/www/ohrmKevin1/symfony/cache/orangehrm/prod/config/config_core_compile.yml.php(2352): sfController->forward('leave', 'leaveListBalanc...')
#30 /var/www/ohrmKevin1/symfony/lib/vendor/symfony/lib/util/sfContext.class.php(170): sfFrontWebController->dispatch()
#31 /var/www/ohrmKevin1/symfony/web/index.php(22): sfContext->dispatch()
#32 {main}
Thu 18 Apr 2013 01:06:59 PM PHT,697 [2752] WARN core.email - Email configuration settings not available
Thu 18 Apr 2013 01:07:00 PM PHT,090 [2752] ERROR filter.ExceptionCatcherFilter - Uncaught Exception: exception 'Exception' with message 'DateTime::__construct(): Failed to parse time string (null) at position 0 (n): The timezone could not be found in the database' in /var/www/ohrmKevin1/symfony/plugins/orangehrmLeavePlugin/lib/service/LeavePeriodService.php:370
Stack trace:
#0 /var/www/ohrmKevin1/symfony/plugins/orangehrmLeavePlugin/lib/service/LeavePeriodService.php(370): DateTime->__construct('null')
#1 /var/www/ohrmKevin1/symfony/plugins/orangehrmLeavePlugin/lib/entitlement/FIFOEntitlementConsumptionStrategy.php(706): LeavePeriodService->getCurrentLeavePeriodByDate('null')
#2 /var/www/ohrmKevin1/symfony/plugins/orangehrmLeavePlugin/lib/service/LeaveEntitlementService.php(170): FIFOEntitlementConsumptionStrategy->getLeavePeriod('null', '2', '1')
#3 /var/www/ohrmKevin1/symfony/plugins/orangehrmLeavePlugin/modules/leave/actions/leaveListBalanceAjaxAction.class.php(61): LeaveEntitlementService->getLeaveBalance('2', '1', 'null')
#4 /var/www/ohrmKevin1/symfony/plugins/orangehrmLeavePlugin/modules/leave/actions/leaveListBalanceAjaxAction.class.php(33): leaveListBalanceAjaxAction->getLeaveBalances(Array)
#5 /var/www/ohrmKevin1/symfony/cache/orangehrm/prod/config/config_core_compile.yml.php(952): leaveListBalanceAjaxAction->execute(Object(sfWebRequest))
#6 /var/www/ohrmKevin1/symfony/plugins/orangehrmCorePlugin/lib/filter/orangehrmExecutionFilter.php(36): sfExecutionFilter->executeAction(Object(leaveListBalanceAjaxAction))
#7 /var/www/ohrmKevin1/symfony/cache/orangehrm/prod/config/config_core_compile.yml.php(947): orangehrmExecutionFilter->executeAction(Object(leaveListBalanceAjaxAction))
#8 /var/www/ohrmKevin1/symfony/cache/orangehrm/prod/config/config_core_compile.yml.php(933): sfExecutionFilter->handleAction(Object(sfFilterChain), Object(leaveListBalanceAjaxAction))
#9 /var/www/ohrmKevin1/symfony/cache/orangehrm/prod/config/config_core_compile.yml.php(1031): sfExecutionFilter->execute(Object(sfFilterChain))
#10 /var/www/ohrmKevin1/symfony/lib/vendor/symfony/lib/filter/sfCommonFilter.class.php(29): sfFilterChain->execute()
#11 /var/www/ohrmKevin1/symfony/cache/orangehrm/prod/config/config_core_compile.yml.php(1031): sfCommonFilter->execute(Object(sfFilterChain))
#12 /var/www/ohrmKevin1/symfony/plugins/orangehrmCorePlugin/lib/filter/orangehrmPostExecutionFilter.php(22): sfFilterChain->execute()
#13 /var/www/ohrmKevin1/symfony/cache/orangehrm/prod/config/config_core_compile.yml.php(1031): orangehrmPostExecutionFilter->execute(Object(sfFilterChain))
#14 /var/www/ohrmKevin1/symfony/apps/orangehrm/lib/filter/ModuleFilter.php(56): sfFilterChain->execute()
#15 /var/www/ohrmKevin1/symfony/cache/orangehrm/prod/config/config_core_compile.yml.php(1031): ModuleFilter->execute(Object(sfFilterChain))
#16 /var/www/ohrmKevin1/symfony/plugins/orangehrmCorePlugin/lib/authorization/filter/ohrmAuthorizationFilter.php(97): sfFilterChain->execute()
#17 /var/www/ohrmKevin1/symfony/cache/orangehrm/prod/config/config_core_compile.yml.php(1031): ohrmAuthorizationFilter->execute(Object(sfFilterChain))
#18 /var/www/ohrmKevin1/symfony/apps/orangehrm/lib/filter/SessionInfoFetcherFilter.php(67): sfFilterChain->execute()
#19 /var/www/ohrmKevin1/symfony/cache/orangehrm/prod/config/config_core_compile.yml.php(1031): SessionInfoFetcherFilter->execute(Object(sfFilterChain))
#20 /var/www/ohrmKevin1/symfony/apps/orangehrm/lib/filter/OrangeI18NFilter.php(58): sfFilterChain->execute()
#21 /var/www/ohrmKevin1/symfony/cache/orangehrm/prod/config/config_core_compile.yml.php(1031): OrangeI18NFilter->execute(Object(sfFilterChain))
#22 /var/www/ohrmKevin1/symfony/apps/orangehrm/lib/filter/ExceptionCatcherFilter.php(26): sfFilterChain->execute()
#23 /var/www/ohrmKevin1/symfony/cache/orangehrm/prod/config/config_core_compile.yml.php(1031): ExceptionCatcherFilter->execute(Object(sfFilterChain))
#24 /var/www/ohrmKevin1/symfony/lib/vendor/symfony/lib/filter/sfBasicSecurityFilter.class.php(72): sfFilterChain->execute()
#25 /var/www/ohrmKevin1/symfony/cache/orangehrm/prod/config/config_core_compile.yml.php(1031): sfBasicSecurityFilter->execute(Object(sfFilterChain))
#26 /var/www/ohrmKevin1/symfony/cache/orangehrm/prod/config/config_core_compile.yml.php(995): sfFilterChain->execute()
#27 /var/www/ohrmKevin1/symfony/cache/orangehrm/prod/config/config_core_compile.yml.php(1031): sfRenderingFilter->execute(Object(sfFilterChain))
#28 /var/www/ohrmKevin1/symfony/cache/orangehrm/prod/config/config_core_compile.yml.php(665): sfFilterChain->execute()
#29 /var/www/ohrmKevin1/symfony/cache/orangehrm/prod/config/config_core_compile.yml.php(2352): sfController->forward('leave', 'leaveListBalanc...')
#30 /var/www/ohrmKevin1/symfony/lib/vendor/symfony/lib/util/sfContext.class.php(170): sfFrontWebController->dispatch()
#31 /var/www/ohrmKevin1/symfony/web/index.php(22): sfContext->dispatch()
#32 {main}
Thu 18 Apr 2013 01:21:50 PM PHT,299 [2745] WARN core.email - Email configuration settings not available
Thu 18 Apr 2013 01:21:50 PM PHT,728 [2745] ERROR filter.ExceptionCatcherFilter - Uncaught Exception: exception 'Exception' with message 'DateTime::__construct(): Failed to parse time string (null) at position 0 (n): The timezone could not be found in the database' in /var/www/ohrmKevin1/symfony/plugins/orangehrmLeavePlugin/lib/service/LeavePeriodService.php:370
Stack trace:
#0 /var/www/ohrmKevin1/symfony/plugins/orangehrmLeavePlugin/lib/service/LeavePeriodService.php(370): DateTime->__construct('null')
#1 /var/www/ohrmKevin1/symfony/plugins/orangehrmLeavePlugin/lib/entitlement/FIFOEntitlementConsumptionStrategy.php(706): LeavePeriodService->getCurrentLeavePeriodByDate('null')
#2 /var/www/ohrmKevin1/symfony/plugins/orangehrmLeavePlugin/lib/service/LeaveEntitlementService.php(170): FIFOEntitlementConsumptionStrategy->getLeavePeriod('null', '2', '1')
#3 /var/www/ohrmKevin1/symfony/plugins/orangehrmLeavePlugin/modules/leave/actions/leaveListBalanceAjaxAction.class.php(61): LeaveEntitlementService->getLeaveBalance('2', '1', 'null')
#4 /var/www/ohrmKevin1/symfony/plugins/orangehrmLeavePlugin/modules/leave/actions/leaveListBalanceAjaxAction.class.php(33): leaveListBalanceAjaxAction->getLeaveBalances(Array)
#5 /var/www/ohrmKevin1/symfony/cache/orangehrm/prod/config/config_core_compile.yml.php(952): leaveListBalanceAjaxAction->execute(Object(sfWebRequest))
#6 /var/www/ohrmKevin1/symfony/plugins/orangehrmCorePlugin/lib/filter/orangehrmExecutionFilter.php(36): sfExecutionFilter->executeAction(Object(leaveListBalanceAjaxAction))
#7 /var/www/ohrmKevin1/symfony/cache/orangehrm/prod/config/config_core_compile.yml.php(947): orangehrmExecutionFilter->executeAction(Object(leaveListBalanceAjaxAction))
#8 /var/www/ohrmKevin1/symfony/cache/orangehrm/prod/config/config_core_compile.yml.php(933): sfExecutionFilter->handleAction(Object(sfFilterChain), Object(leaveListBalanceAjaxAction))
#9 /var/www/ohrmKevin1/symfony/cache/orangehrm/prod/config/config_core_compile.yml.php(1031): sfExecutionFilter->execute(Object(sfFilterChain))
#10 /var/www/ohrmKevin1/symfony/lib/vendor/symfony/lib/filter/sfCommonFilter.class.php(29): sfFilterChain->execute()
#11 /var/www/ohrmKevin1/symfony/cache/orangehrm/prod/config/config_core_compile.yml.php(1031): sfCommonFilter->execute(Object(sfFilterChain))
#12 /var/www/ohrmKevin1/symfony/plugins/orangehrmCorePlugin/lib/filter/orangehrmPostExecutionFilter.php(22): sfFilterChain->execute()
#13 /var/www/ohrmKevin1/symfony/cache/orangehrm/prod/config/config_core_compile.yml.php(1031): orangehrmPostExecutionFilter->execute(Object(sfFilterChain))
#14 /var/www/ohrmKevin1/symfony/apps/orangehrm/lib/filter/ModuleFilter.php(56): sfFilterChain->execute()
#15 /var/www/ohrmKevin1/symfony/cache/orangehrm/prod/config/config_core_compile.yml.php(1031): ModuleFilter->execute(Object(sfFilterChain))
#16 /var/www/ohrmKevin1/symfony/plugins/orangehrmCorePlugin/lib/authorization/filter/ohrmAuthorizationFilter.php(97): sfFilterChain->execute()
#17 /var/www/ohrmKevin1/symfony/cache/orangehrm/prod/config/config_core_compile.yml.php(1031): ohrmAuthorizationFilter->execute(Object(sfFilterChain))
#18 /var/www/ohrmKevin1/symfony/apps/orangehrm/lib/filter/SessionInfoFetcherFilter.php(67): sfFilterChain->execute()
#19 /var/www/ohrmKevin1/symfony/cache/orangehrm/prod/config/config_core_compile.yml.php(1031): SessionInfoFetcherFilter->execute(Object(sfFilterChain))
#20 /var/www/ohrmKevin1/symfony/apps/orangehrm/lib/filter/OrangeI18NFilter.php(58): sfFilterChain->execute()
#21 /var/www/ohrmKevin1/symfony/cache/orangehrm/prod/config/config_core_compile.yml.php(1031): OrangeI18NFilter->execute(Object(sfFilterChain))
#22 /var/www/ohrmKevin1/symfony/apps/orangehrm/lib/filter/ExceptionCatcherFilter.php(26): sfFilterChain->execute()
#23 /var/www/ohrmKevin1/symfony/cache/orangehrm/prod/config/config_core_compile.yml.php(1031): ExceptionCatcherFilter->execute(Object(sfFilterChain))
#24 /var/www/ohrmKevin1/symfony/lib/vendor/symfony/lib/filter/sfBasicSecurityFilter.class.php(72): sfFilterChain->execute()
#25 /var/www/ohrmKevin1/symfony/cache/orangehrm/prod/config/config_core_compile.yml.php(1031): sfBasicSecurityFilter->execute(Object(sfFilterChain))
#26 /var/www/ohrmKevin1/symfony/cache/orangehrm/prod/config/config_core_compile.yml.php(995): sfFilterChain->execute()
#27 /var/www/ohrmKevin1/symfony/cache/orangehrm/prod/config/config_core_compile.yml.php(1031): sfRenderingFilter->execute(Object(sfFilterChain))
#28 /var/www/ohrmKevin1/symfony/cache/orangehrm/prod/config/config_core_compile.yml.php(665): sfFilterChain->execute()
#29 /var/www/ohrmKevin1/symfony/cache/orangehrm/prod/config/config_core_compile.yml.php(2352): sfController->forward('leave', 'leaveListBalanc...')
#30 /var/www/ohrmKevin1/symfony/lib/vendor/symfony/lib/util/sfContext.class.php(170): sfFrontWebController->dispatch()
#31 /var/www/ohrmKevin1/symfony/web/index.php(22): sfContext->dispatch()
#32 {main}
